  IntelligentScissors.cpp
e:\opencv_new\install\include\opencv2\core\mat.hpp(2585): warning C4819: 该文件包含不能在当前代码页(936)中表示的字符。请将该文件保存为 Unicode 格式以防止数据丢失
e:\opencv_new\install\include\opencv2\core\persistence.hpp : warning C4819: 该文件包含不能在当前代码页(936)中表示的字符。请将该文件保存为 Unicode 格式以防止数据丢失
e:\opencv_new\install\include\opencv2\core\utility.hpp : warning C4819: 该文件包含不能在当前代码页(936)中表示的字符。请将该文件保存为 Unicode 格式以防止数据丢失
e:\opencv_new\install\include\opencv2\imgproc.hpp(591): warning C4819: 该文件包含不能在当前代码页(936)中表示的字符。请将该文件保存为 Unicode 格式以防止数据丢失
d:\vs2017projects\intelligentscissors\intelligentscissors\intelligentscissors.cpp(314): warning C4244: “=”: 从“int”转换到“float”，可能丢失数据
d:\vs2017projects\intelligentscissors\intelligentscissors\intelligentscissors.cpp(319): warning C4244: “=”: 从“int”转换到“float”，可能丢失数据
d:\vs2017projects\intelligentscissors\intelligentscissors\intelligentscissors.cpp(357): warning C4244: “参数”: 从“int”转换到“float”，可能丢失数据
d:\vs2017projects\intelligentscissors\intelligentscissors\intelligentscissors.cpp(358): warning C4244: “参数”: 从“int”转换到“float”，可能丢失数据
d:\vs2017projects\intelligentscissors\intelligentscissors\intelligentscissors.cpp(362): warning C4244: “参数”: 从“int”转换到“float”，可能丢失数据
d:\vs2017projects\intelligentscissors\intelligentscissors\intelligentscissors.cpp(363): warning C4244: “参数”: 从“int”转换到“float”，可能丢失数据
d:\vs2017projects\intelligentscissors\intelligentscissors\vector2.h(42): warning C4244: “/=”: 从“float”转换到“short”，可能丢失数据
  d:\vs2017projects\intelligentscissors\intelligentscissors\vector2.h(39): note: 编译 类 模板 成员函数 "void Vector2<short>::operator /=(float)" 时
  d:\vs2017projects\intelligentscissors\intelligentscissors\intelligentscissors.cpp(262): note: 参见对正在编译的函数 模板 实例化“void Vector2<short>::operator /=(float)”的引用
  d:\vs2017projects\intelligentscissors\intelligentscissors\intelligentscissors.cpp(47): note: 参见对正在编译的 类 模板 实例化 "Vector2<short>" 的引用
d:\vs2017projects\intelligentscissors\intelligentscissors\vector2.h(43): warning C4244: “/=”: 从“float”转换到“short”，可能丢失数据
d:\vs2017projects\intelligentscissors\intelligentscissors\vector2.h(15): warning C4244: “return”: 从“double”转换到“float”，可能丢失数据
  d:\vs2017projects\intelligentscissors\intelligentscissors\vector2.h(14): note: 编译 类 模板 成员函数 "float Vector2<short>::getLength(void) const" 时
  d:\vs2017projects\intelligentscissors\intelligentscissors\intelligentscissors.cpp(260): note: 参见对正在编译的函数 模板 实例化“float Vector2<short>::getLength(void) const”的引用
d:\vs2017projects\intelligentscissors\intelligentscissors\vector2.h(53): warning C4244: “return”: 从“int”转换到“float”，可能丢失数据
  d:\vs2017projects\intelligentscissors\intelligentscissors\intelligentscissors.cpp(355): note: 参见对正在编译的函数 模板 实例化“float Vector2<int>::dot<short>(const Vector2<short> &)”的引用
  d:\vs2017projects\intelligentscissors\intelligentscissors\intelligentscissors.cpp(355): note: 参见对正在编译的函数 模板 实例化“float Vector2<int>::dot<short>(const Vector2<short> &)”的引用
  Main.cpp
e:\opencv_new\install\include\opencv2\core\mat.hpp(2585): warning C4819: 该文件包含不能在当前代码页(936)中表示的字符。请将该文件保存为 Unicode 格式以防止数据丢失
e:\opencv_new\install\include\opencv2\core\persistence.hpp : warning C4819: 该文件包含不能在当前代码页(936)中表示的字符。请将该文件保存为 Unicode 格式以防止数据丢失
e:\opencv_new\install\include\opencv2\core\utility.hpp : warning C4819: 该文件包含不能在当前代码页(936)中表示的字符。请将该文件保存为 Unicode 格式以防止数据丢失
e:\opencv_new\install\include\opencv2\imgproc.hpp(591): warning C4819: 该文件包含不能在当前代码页(936)中表示的字符。请将该文件保存为 Unicode 格式以防止数据丢失
  正在生成代码
  0 of 287 functions ( 0.0%) were compiled, the rest were copied from previous compilation.
    0 functions were new in current compilation
    0 functions had inline decision re-evaluated but remain unchanged
  已完成代码的生成
  IntelligentScissors.vcxproj -> D:\VS2017Projects\IntelligentScissors\x64\Release\IntelligentScissors.exe
